# JRE version: Java(TM) SE Runtime Environment (8.0_121-b13) (build 1.8.0_121-b13)
# Java VM: Java HotSpot(TM) 64-Bit Server VM (25.121-b13 mixed mode windows-amd64 compressed oops)
Heap:
 PSYoungGen      total 507904K, used 104616K [0x00000000d6f80000, 0x00000000f9980000, 0x0000000100000000)
  eden space 453120K, 23% used [0x00000000d6f80000,0x00000000dd5aa1e8,0x00000000f2a00000)
  from space 54784K, 0% used [0x00000000f5f80000,0x00000000f5f80000,0x00000000f9500000)
  to   space 54784K, 0% used [0x00000000f2a00000,0x00000000f2a00000,0x00000000f5f80000)
 ParOldGen       total 144896K, used 37556K [0x0000000084e00000, 0x000000008db80000, 0x00000000d6f80000)
  object space 144896K, 25% used [0x0000000084e00000,0x00000000872ad1c8,0x000000008db80000)
 Metaspace       used 45567K, capacity 46766K, committed 47148K, reserved 1091584K
  class space    used 5331K, capacity 5549K, committed 5676K, reserved 1048576K
GC Heap History (10 events):
Event: 13.531 GC heap before
{Heap before GC invocations=11 (full 1):
 PSYoungGen      total 290304K, used 290290K [0x00000000d6f80000, 0x00000000f1f80000, 0x0000000100000000)
  eden space 248320K, 100% used [0x00000000d6f80000,0x00000000e6200000,0x00000000e6200000)
  from space 41984K, 99% used [0x00000000e6200000,0x00000000e8afcb18,0x00000000e8b00000)
  to   space 53248K, 0% used [0x00000000eeb80000,0x00000000eeb80000,0x00000000f1f80000)
 ParOldGen       total 80896K, used 58900K [0x0000000084e00000, 0x0000000089d00000, 0x00000000d6f80000)
  object space 80896K, 72% used [0x0000000084e00000,0x0000000088785058,0x0000000089d00000)
 Metaspace       used 24762K, capacity 25350K, committed 25600K, reserved 1071104K
  class space    used 2827K, capacity 2973K, committed 3072K, reserved 1048576K
Event: 13.598 GC heap after
Heap after GC invocations=11 (full 1):
 PSYoungGen      total 384512K, used 42127K [0x00000000d6f80000, 0x00000000f2f80000, 0x0000000100000000)
  eden space 331264K, 0% used [0x00000000d6f80000,0x00000000d6f80000,0x00000000eb300000)
  from space 53248K, 79% used [0x00000000eeb80000,0x00000000f14a3dd8,0x00000000f1f80000)
  to   space 57856K, 0% used [0x00000000eb300000,0x00000000eb300000,0x00000000eeb80000)
 ParOldGen       total 80896K, used 67388K [0x0000000084e00000, 0x0000000089d00000, 0x00000000d6f80000)
  object space 80896K, 83% used [0x0000000084e00000,0x0000000088fcf0a8,0x0000000089d00000)
 Metaspace       used 24762K, capacity 25350K, committed 25600K, reserved 1071104K
  class space    used 2827K, capacity 2973K, committed 3072K, reserved 1048576K
}
Event: 13.598 GC heap before
{Heap before GC invocations=12 (full 2):
 PSYoungGen      total 384512K, used 42127K [0x00000000d6f80000, 0x00000000f2f80000, 0x0000000100000000)
  eden space 331264K, 0% used [0x00000000d6f80000,0x00000000d6f80000,0x00000000eb300000)
  from space 53248K, 79% used [0x00000000eeb80000,0x00000000f14a3dd8,0x00000000f1f80000)
  to   space 57856K, 0% used [0x00000000eb300000,0x00000000eb300000,0x00000000eeb80000)
 ParOldGen       total 80896K, used 67388K [0x0000000084e00000, 0x0000000089d00000, 0x00000000d6f80000)
  object space 80896K, 83% used [0x0000000084e00000,0x0000000088fcf0a8,0x0000000089d00000)
 Metaspace       used 24762K, capacity 25350K, committed 25600K, reserved 1071104K
  class space    used 2827K, capacity 2973K, committed 3072K, reserved 1048576K
Event: 13.836 GC heap after
Heap after GC invocations=12 (full 2):
 PSYoungGen      total 384512K, used 0K [0x00000000d6f80000, 0x00000000f2f80000, 0x0000000100000000)
  eden space 331264K, 0% used [0x00000000d6f80000,0x00000000d6f80000,0x00000000eb300000)
  from space 53248K, 0% used [0x00000000eeb80000,0x00000000eeb80000,0x00000000f1f80000)
  to   space 57856K, 0% used [0x00000000eb300000,0x00000000eb300000,0x00000000eeb80000)
 ParOldGen       total 156160K, used 67955K [0x0000000084e00000, 0x000000008e680000, 0x00000000d6f80000)
  object space 156160K, 43% used [0x0000000084e00000,0x000000008905cd68,0x000000008e680000)
 Metaspace       used 24762K, capacity 25350K, committed 25600K, reserved 1071104K
  class space    used 2827K, capacity 2973K, committed 3072K, reserved 1048576K
}
Event: 18.583 GC heap before
{Heap before GC invocations=13 (full 2):
 PSYoungGen      total 384512K, used 331264K [0x00000000d6f80000, 0x00000000f2f80000, 0x0000000100000000)
  eden space 331264K, 100% used [0x00000000d6f80000,0x00000000eb300000,0x00000000eb300000)
  from space 53248K, 0% used [0x00000000eeb80000,0x00000000eeb80000,0x00000000f1f80000)
  to   space 57856K, 0% used [0x00000000eb300000,0x00000000eb300000,0x00000000eeb80000)
 ParOldGen       total 156160K, used 67955K [0x0000000084e00000, 0x000000008e680000, 0x00000000d6f80000)
  object space 156160K, 43% used [0x0000000084e00000,0x000000008905cd68,0x000000008e680000)
 Metaspace       used 38304K, capacity 38918K, committed 39168K, reserved 1083392K
  class space    used 4426K, capacity 4601K, committed 4608K, reserved 1048576K
Event: 18.905 GC heap after
Heap after GC invocations=13 (full 2):
 PSYoungGen      total 389120K, used 20352K [0x00000000d6f80000, 0x00000000f9500000, 0x0000000100000000)
  eden space 331264K, 0% used [0x00000000d6f80000,0x00000000d6f80000,0x00000000eb300000)
  from space 57856K, 35% used [0x00000000eb300000,0x00000000ec6e0288,0x00000000eeb80000)
  to   space 54784K, 0% used [0x00000000f5f80000,0x00000000f5f80000,0x00000000f9500000)
 ParOldGen       total 156160K, used 67955K [0x0000000084e00000, 0x000000008e680000, 0x00000000d6f80000)
  object space 156160K, 43% used [0x0000000084e00000,0x000000008905cd68,0x000000008e680000)
 Metaspace       used 38304K, capacity 38918K, committed 39168K, reserved 1083392K
  class space    used 4426K, capacity 4601K, committed 4608K, reserved 1048576K
}
Event: 21.660 GC heap before
{Heap before GC invocations=14 (full 2):
 PSYoungGen      total 389120K, used 97910K [0x00000000d6f80000, 0x00000000f9500000, 0x0000000100000000)
  eden space 331264K, 23% used [0x00000000d6f80000,0x00000000dbb3d710,0x00000000eb300000)
  from space 57856K, 35% used [0x00000000eb300000,0x00000000ec6e0288,0x00000000eeb80000)
  to   space 54784K, 0% used [0x00000000f5f80000,0x00000000f5f80000,0x00000000f9500000)
 ParOldGen       total 156160K, used 67955K [0x0000000084e00000, 0x000000008e680000, 0x00000000d6f80000)
  object space 156160K, 43% used [0x0000000084e00000,0x000000008905cd68,0x000000008e680000)
 Metaspace       used 41779K, capacity 42364K, committed 42668K, reserved 1087488K
  class space    used 4843K, capacity 5022K, committed 5036K, reserved 1048576K
Event: 21.862 GC heap after
Heap after GC invocations=14 (full 2):
 PSYoungGen      total 507904K, used 5461K [0x00000000d6f80000, 0x00000000f9980000, 0x0000000100000000)
  eden space 453120K, 0% used [0x00000000d6f80000,0x00000000d6f80000,0x00000000f2a00000)
  from space 54784K, 9% used [0x00000000f5f80000,0x00000000f64d56e8,0x00000000f9500000)
  to   space 54784K, 0% used [0x00000000f2a00000,0x00000000f2a00000,0x00000000f5f80000)
 ParOldGen       total 156160K, used 78222K [0x0000000084e00000, 0x000000008e680000, 0x00000000d6f80000)
  object space 156160K, 50% used [0x0000000084e00000,0x0000000089a63b68,0x000000008e680000)
 Metaspace       used 41779K, capacity 42364K, committed 42668K, reserved 1087488K
  class space    used 4843K, capacity 5022K, committed 5036K, reserved 1048576K
}
Event: 21.862 GC heap before
{Heap before GC invocations=15 (full 3):
 PSYoungGen      total 507904K, used 5461K [0x00000000d6f80000, 0x00000000f9980000, 0x0000000100000000)
  eden space 453120K, 0% used [0x00000000d6f80000,0x00000000d6f80000,0x00000000f2a00000)
  from space 54784K, 9% used [0x00000000f5f80000,0x00000000f64d56e8,0x00000000f9500000)
  to   space 54784K, 0% used [0x00000000f2a00000,0x00000000f2a00000,0x00000000f5f80000)
 ParOldGen       total 156160K, used 78222K [0x0000000084e00000, 0x000000008e680000, 0x00000000d6f80000)
  object space 156160K, 50% used [0x0000000084e00000,0x0000000089a63b68,0x000000008e680000)
 Metaspace       used 41779K, capacity 42364K, committed 42668K, reserved 1087488K
  class space    used 4843K, capacity 5022K, committed 5036K, reserved 1048576K
Event: 22.470 GC heap after
Heap after GC invocations=15 (full 3):
 PSYoungGen      total 507904K, used 0K [0x00000000d6f80000, 0x00000000f9980000, 0x0000000100000000)
  eden space 453120K, 0% used [0x00000000d6f80000,0x00000000d6f80000,0x00000000f2a00000)
  from space 54784K, 0% used [0x00000000f5f80000,0x00000000f5f80000,0x00000000f9500000)
  to   space 54784K, 0% used [0x00000000f2a00000,0x00000000f2a00000,0x00000000f5f80000)
 ParOldGen       total 144896K, used 37556K [0x0000000084e00000, 0x000000008db80000, 0x00000000d6f80000)
  object space 144896K, 25% used [0x0000000084e00000,0x00000000872ad1c8,0x000000008db80000)
 Metaspace       used 41779K, capacity 42364K, committed 42668K, reserved 1087488K
  class space    used 4843K, capacity 5022K, committed 5036K, reserved 1048576K
}

