# JRE version: Java(TM) SE Runtime Environment (8.0_121-b13) (build 1.8.0_121-b13)
# Java VM: Java HotSpot(TM) 64-Bit Server VM (25.121-b13 mixed mode windows-amd64 compressed oops)
Heap:
 PSYoungGen      total 466944K, used 170273K [0x00000000d6f80000, 0x00000000f7780000, 0x0000000100000000)
  eden space 400896K, 42% used [0x00000000d6f80000,0x00000000e15c8528,0x00000000ef700000)
  from space 66048K, 0% used [0x00000000f3480000,0x00000000f3480000,0x00000000f7500000)
  to   space 62976K, 0% used [0x00000000ef700000,0x00000000ef700000,0x00000000f3480000)
 ParOldGen       total 214528K, used 60810K [0x0000000084e00000, 0x0000000091f80000, 0x00000000d6f80000)
  object space 214528K, 28% used [0x0000000084e00000,0x0000000088962ab0,0x0000000091f80000)
 Metaspace       used 61444K, capacity 62244K, committed 62760K, reserved 1103872K
  class space    used 7132K, capacity 7356K, committed 7472K, reserved 1048576K
GC Heap History (10 events):
Event: 13.278 GC heap before
{Heap before GC invocations=13 (full 2):
 PSYoungGen      total 312320K, used 304847K [0x00000000d6f80000, 0x00000000ed700000, 0x0000000100000000)
  eden space 266752K, 100% used [0x00000000d6f80000,0x00000000e7400000,0x00000000e7400000)
  from space 45568K, 83% used [0x00000000ea500000,0x00000000eca33d60,0x00000000ed180000)
  to   space 50176K, 0% used [0x00000000e7400000,0x00000000e7400000,0x00000000ea500000)
 ParOldGen       total 188416K, used 61013K [0x0000000084e00000, 0x0000000090600000, 0x00000000d6f80000)
  object space 188416K, 32% used [0x0000000084e00000,0x0000000088995658,0x0000000090600000)
 Metaspace       used 30950K, capacity 31588K, committed 31664K, reserved 1077248K
  class space    used 3596K, capacity 3750K, committed 3760K, reserved 1048576K
Event: 13.316 GC heap after
Heap after GC invocations=13 (full 2):
 PSYoungGen      total 316928K, used 49184K [0x00000000d6f80000, 0x00000000f2700000, 0x0000000100000000)
  eden space 266752K, 0% used [0x00000000d6f80000,0x00000000d6f80000,0x00000000e7400000)
  from space 50176K, 98% used [0x00000000e7400000,0x00000000ea408130,0x00000000ea500000)
  to   space 57344K, 0% used [0x00000000eef00000,0x00000000eef00000,0x00000000f2700000)
 ParOldGen       total 188416K, used 61013K [0x0000000084e00000, 0x0000000090600000, 0x00000000d6f80000)
  object space 188416K, 32% used [0x0000000084e00000,0x0000000088995658,0x0000000090600000)
 Metaspace       used 30950K, capacity 31588K, committed 31664K, reserved 1077248K
  class space    used 3596K, capacity 3750K, committed 3760K, reserved 1048576K
}
Event: 14.116 GC heap before
{Heap before GC invocations=14 (full 2):
 PSYoungGen      total 316928K, used 315936K [0x00000000d6f80000, 0x00000000f2700000, 0x0000000100000000)
  eden space 266752K, 100% used [0x00000000d6f80000,0x00000000e7400000,0x00000000e7400000)
  from space 50176K, 98% used [0x00000000e7400000,0x00000000ea408130,0x00000000ea500000)
  to   space 57344K, 0% used [0x00000000eef00000,0x00000000eef00000,0x00000000f2700000)
 ParOldGen       total 188416K, used 61013K [0x0000000084e00000, 0x0000000090600000, 0x00000000d6f80000)
  object space 188416K, 32% used [0x0000000084e00000,0x0000000088995658,0x0000000090600000)
 Metaspace       used 31000K, capacity 31588K, committed 31664K, reserved 1077248K
  class space    used 3596K, capacity 3750K, committed 3760K, reserved 1048576K
Event: 14.168 GC heap after
Heap after GC invocations=14 (full 2):
 PSYoungGen      total 384512K, used 54399K [0x00000000d6f80000, 0x00000000f3680000, 0x0000000100000000)
  eden space 327168K, 0% used [0x00000000d6f80000,0x00000000d6f80000,0x00000000eaf00000)
  from space 57344K, 94% used [0x00000000eef00000,0x00000000f241ff90,0x00000000f2700000)
  to   space 65536K, 0% used [0x00000000eaf00000,0x00000000eaf00000,0x00000000eef00000)
 ParOldGen       total 188416K, used 61013K [0x0000000084e00000, 0x0000000090600000, 0x00000000d6f80000)
  object space 188416K, 32% used [0x0000000084e00000,0x0000000088995658,0x0000000090600000)
 Metaspace       used 31000K, capacity 31588K, committed 31664K, reserved 1077248K
  class space    used 3596K, capacity 3750K, committed 3760K, reserved 1048576K
}
Event: 29.979 GC heap before
{Heap before GC invocations=15 (full 2):
 PSYoungGen      total 384512K, used 381567K [0x00000000d6f80000, 0x00000000f3680000, 0x0000000100000000)
  eden space 327168K, 100% used [0x00000000d6f80000,0x00000000eaf00000,0x00000000eaf00000)
  from space 57344K, 94% used [0x00000000eef00000,0x00000000f241ff90,0x00000000f2700000)
  to   space 65536K, 0% used [0x00000000eaf00000,0x00000000eaf00000,0x00000000eef00000)
 ParOldGen       total 188416K, used 61013K [0x0000000084e00000, 0x0000000090600000, 0x00000000d6f80000)
  object space 188416K, 32% used [0x0000000084e00000,0x0000000088995658,0x0000000090600000)
 Metaspace       used 41695K, capacity 42430K, committed 42672K, reserved 1087488K
  class space    used 4995K, capacity 5207K, committed 5296K, reserved 1048576K
Event: 30.015 GC heap after
Heap after GC invocations=15 (full 2):
 PSYoungGen      total 392704K, used 39227K [0x00000000d6f80000, 0x00000000f7500000, 0x0000000100000000)
  eden space 327168K, 0% used [0x00000000d6f80000,0x00000000d6f80000,0x00000000eaf00000)
  from space 65536K, 59% used [0x00000000eaf00000,0x00000000ed54ed30,0x00000000eef00000)
  to   space 66048K, 0% used [0x00000000f3480000,0x00000000f3480000,0x00000000f7500000)
 ParOldGen       total 188416K, used 61021K [0x0000000084e00000, 0x0000000090600000, 0x00000000d6f80000)
  object space 188416K, 32% used [0x0000000084e00000,0x0000000088997658,0x0000000090600000)
 Metaspace       used 41695K, capacity 42430K, committed 42672K, reserved 1087488K
  class space    used 4995K, capacity 5207K, committed 5296K, reserved 1048576K
}
Event: 32.408 GC heap before
{Heap before GC invocations=16 (full 2):
 PSYoungGen      total 392704K, used 178442K [0x00000000d6f80000, 0x00000000f7500000, 0x0000000100000000)
  eden space 327168K, 42% used [0x00000000d6f80000,0x00000000df773d78,0x00000000eaf00000)
  from space 65536K, 59% used [0x00000000eaf00000,0x00000000ed54ed30,0x00000000eef00000)
  to   space 66048K, 0% used [0x00000000f3480000,0x00000000f3480000,0x00000000f7500000)
 ParOldGen       total 188416K, used 61021K [0x0000000084e00000, 0x0000000090600000, 0x00000000d6f80000)
  object space 188416K, 32% used [0x0000000084e00000,0x0000000088997658,0x0000000090600000)
 Metaspace       used 51821K, capacity 52530K, committed 52776K, reserved 1095680K
  class space    used 6222K, capacity 6413K, committed 6448K, reserved 1048576K
Event: 32.639 GC heap after
Heap after GC invocations=16 (full 2):
 PSYoungGen      total 466944K, used 29881K [0x00000000d6f80000, 0x00000000f7780000, 0x0000000100000000)
  eden space 400896K, 0% used [0x00000000d6f80000,0x00000000d6f80000,0x00000000ef700000)
  from space 66048K, 45% used [0x00000000f3480000,0x00000000f51ae7c8,0x00000000f7500000)
  to   space 62976K, 0% used [0x00000000ef700000,0x00000000ef700000,0x00000000f3480000)
 ParOldGen       total 188416K, used 61109K [0x0000000084e00000, 0x0000000090600000, 0x00000000d6f80000)
  object space 188416K, 32% used [0x0000000084e00000,0x00000000889ad680,0x0000000090600000)
 Metaspace       used 51821K, capacity 52530K, committed 52776K, reserved 1095680K
  class space    used 6222K, capacity 6413K, committed 6448K, reserved 1048576K
}
Event: 32.639 GC heap before
{Heap before GC invocations=17 (full 3):
 PSYoungGen      total 466944K, used 29881K [0x00000000d6f80000, 0x00000000f7780000, 0x0000000100000000)
  eden space 400896K, 0% used [0x00000000d6f80000,0x00000000d6f80000,0x00000000ef700000)
  from space 66048K, 45% used [0x00000000f3480000,0x00000000f51ae7c8,0x00000000f7500000)
  to   space 62976K, 0% used [0x00000000ef700000,0x00000000ef700000,0x00000000f3480000)
 ParOldGen       total 188416K, used 61109K [0x0000000084e00000, 0x0000000090600000, 0x00000000d6f80000)
  object space 188416K, 32% used [0x0000000084e00000,0x00000000889ad680,0x0000000090600000)
 Metaspace       used 51821K, capacity 52530K, committed 52776K, reserved 1095680K
  class space    used 6222K, capacity 6413K, committed 6448K, reserved 1048576K
Event: 32.925 GC heap after
Heap after GC invocations=17 (full 3):
 PSYoungGen      total 466944K, used 0K [0x00000000d6f80000, 0x00000000f7780000, 0x0000000100000000)
  eden space 400896K, 0% used [0x00000000d6f80000,0x00000000d6f80000,0x00000000ef700000)
  from space 66048K, 0% used [0x00000000f3480000,0x00000000f3480000,0x00000000f7500000)
  to   space 62976K, 0% used [0x00000000ef700000,0x00000000ef700000,0x00000000f3480000)
 ParOldGen       total 214528K, used 60810K [0x0000000084e00000, 0x0000000091f80000, 0x00000000d6f80000)
  object space 214528K, 28% used [0x0000000084e00000,0x0000000088962ab0,0x0000000091f80000)
 Metaspace       used 51821K, capacity 52530K, committed 52776K, reserved 1095680K
  class space    used 6222K, capacity 6413K, committed 6448K, reserved 1048576K
}

