# JRE version: Java(TM) SE Runtime Environment (8.0_121-b13) (build 1.8.0_121-b13)
# Java VM: Java HotSpot(TM) 64-Bit Server VM (25.121-b13 mixed mode windows-amd64 compressed oops)
Heap:
 PSYoungGen      total 439808K, used 112358K [0x00000000d6f80000, 0x00000000fd200000, 0x0000000100000000)
  eden space 376832K, 22% used [0x00000000d6f80000,0x00000000dc3e6448,0x00000000edf80000)
  from space 62976K, 41% used [0x00000000edf80000,0x00000000ef8d3658,0x00000000f1d00000)
  to   space 59904K, 0% used [0x00000000f9780000,0x00000000f97b08b0,0x00000000fd200000)
 ParOldGen       total 157184K, used 90623K [0x0000000084e00000, 0x000000008e780000, 0x00000000d6f80000)
  object space 157184K, 57% used [0x0000000084e00000,0x000000008a67ffb8,0x000000008e780000)
 Metaspace       used 49636K, capacity 50378K, committed 50856K, reserved 1093632K
  class space    used 5834K, capacity 6033K, committed 6064K, reserved 1048576K
GC Heap History (10 events):
Event: 14.764 GC heap after
Heap after GC invocations=9 (full 1):
 PSYoungGen      total 321536K, used 33774K [0x00000000d6f80000, 0x00000000f3780000, 0x0000000100000000)
  eden space 287744K, 0% used [0x00000000d6f80000,0x00000000d6f80000,0x00000000e8880000)
  from space 33792K, 99% used [0x00000000eb700000,0x00000000ed7fbb18,0x00000000ed800000)
  to   space 47616K, 0% used [0x00000000e8880000,0x00000000e8880000,0x00000000eb700000)
 ParOldGen       total 72192K, used 66095K [0x0000000084e00000, 0x0000000089480000, 0x00000000d6f80000)
  object space 72192K, 91% used [0x0000000084e00000,0x0000000088e8bfc8,0x0000000089480000)
 Metaspace       used 29885K, capacity 30490K, committed 30512K, reserved 1077248K
  class space    used 3467K, capacity 3621K, committed 3632K, reserved 1048576K
}
Event: 14.764 GC heap before
{Heap before GC invocations=10 (full 2):
 PSYoungGen      total 321536K, used 33774K [0x00000000d6f80000, 0x00000000f3780000, 0x0000000100000000)
  eden space 287744K, 0% used [0x00000000d6f80000,0x00000000d6f80000,0x00000000e8880000)
  from space 33792K, 99% used [0x00000000eb700000,0x00000000ed7fbb18,0x00000000ed800000)
  to   space 47616K, 0% used [0x00000000e8880000,0x00000000e8880000,0x00000000eb700000)
 ParOldGen       total 72192K, used 66095K [0x0000000084e00000, 0x0000000089480000, 0x00000000d6f80000)
  object space 72192K, 91% used [0x0000000084e00000,0x0000000088e8bfc8,0x0000000089480000)
 Metaspace       used 29885K, capacity 30490K, committed 30512K, reserved 1077248K
  class space    used 3467K, capacity 3621K, committed 3632K, reserved 1048576K
Event: 14.960 GC heap after
Heap after GC invocations=10 (full 2):
 PSYoungGen      total 321536K, used 13130K [0x00000000d6f80000, 0x00000000f3780000, 0x0000000100000000)
  eden space 287744K, 0% used [0x00000000d6f80000,0x00000000d6f80000,0x00000000e8880000)
  from space 33792K, 38% used [0x00000000eb700000,0x00000000ec3d2900,0x00000000ed800000)
  to   space 47616K, 0% used [0x00000000e8880000,0x00000000e8880000,0x00000000eb700000)
 ParOldGen       total 157184K, used 72171K [0x0000000084e00000, 0x000000008e780000, 0x00000000d6f80000)
  object space 157184K, 45% used [0x0000000084e00000,0x000000008947af70,0x000000008e780000)
 Metaspace       used 29885K, capacity 30490K, committed 30512K, reserved 1077248K
  class space    used 3467K, capacity 3621K, committed 3632K, reserved 1048576K
}
Event: 16.110 GC heap before
{Heap before GC invocations=11 (full 2):
 PSYoungGen      total 321536K, used 300874K [0x00000000d6f80000, 0x00000000f3780000, 0x0000000100000000)
  eden space 287744K, 100% used [0x00000000d6f80000,0x00000000e8880000,0x00000000e8880000)
  from space 33792K, 38% used [0x00000000eb700000,0x00000000ec3d2900,0x00000000ed800000)
  to   space 47616K, 0% used [0x00000000e8880000,0x00000000e8880000,0x00000000eb700000)
 ParOldGen       total 157184K, used 72171K [0x0000000084e00000, 0x000000008e780000, 0x00000000d6f80000)
  object space 157184K, 45% used [0x0000000084e00000,0x000000008947af70,0x000000008e780000)
 Metaspace       used 29906K, capacity 30586K, committed 30896K, reserved 1077248K
  class space    used 3470K, capacity 3653K, committed 3760K, reserved 1048576K
Event: 16.165 GC heap after
Heap after GC invocations=11 (full 2):
 PSYoungGen      total 335360K, used 46192K [0x00000000d6f80000, 0x00000000f5300000, 0x0000000100000000)
  eden space 287744K, 0% used [0x00000000d6f80000,0x00000000d6f80000,0x00000000e8880000)
  from space 47616K, 97% used [0x00000000e8880000,0x00000000eb59c240,0x00000000eb700000)
  to   space 55296K, 0% used [0x00000000f1d00000,0x00000000f1d00000,0x00000000f5300000)
 ParOldGen       total 157184K, used 74427K [0x0000000084e00000, 0x000000008e780000, 0x00000000d6f80000)
  object space 157184K, 47% used [0x0000000084e00000,0x00000000896aece8,0x000000008e780000)
 Metaspace       used 29906K, capacity 30586K, committed 30896K, reserved 1077248K
  class space    used 3470K, capacity 3653K, committed 3760K, reserved 1048576K
}
Event: 16.941 GC heap before
{Heap before GC invocations=12 (full 2):
 PSYoungGen      total 335360K, used 333936K [0x00000000d6f80000, 0x00000000f5300000, 0x0000000100000000)
  eden space 287744K, 100% used [0x00000000d6f80000,0x00000000e8880000,0x00000000e8880000)
  from space 47616K, 97% used [0x00000000e8880000,0x00000000eb59c240,0x00000000eb700000)
  to   space 55296K, 0% used [0x00000000f1d00000,0x00000000f1d00000,0x00000000f5300000)
 ParOldGen       total 157184K, used 74427K [0x0000000084e00000, 0x000000008e780000, 0x00000000d6f80000)
  object space 157184K, 47% used [0x0000000084e00000,0x00000000896aece8,0x000000008e780000)
 Metaspace       used 29908K, capacity 30586K, committed 30896K, reserved 1077248K
  class space    used 3470K, capacity 3653K, committed 3760K, reserved 1048576K
Event: 16.996 GC heap after
Heap after GC invocations=12 (full 2):
 PSYoungGen      total 432128K, used 51735K [0x00000000d6f80000, 0x00000000f6500000, 0x0000000100000000)
  eden space 376832K, 0% used [0x00000000d6f80000,0x00000000d6f80000,0x00000000edf80000)
  from space 55296K, 93% used [0x00000000f1d00000,0x00000000f4f85d10,0x00000000f5300000)
  to   space 62976K, 0% used [0x00000000edf80000,0x00000000edf80000,0x00000000f1d00000)
 ParOldGen       total 157184K, used 77429K [0x0000000084e00000, 0x000000008e780000, 0x00000000d6f80000)
  object space 157184K, 49% used [0x0000000084e00000,0x000000008999d7a8,0x000000008e780000)
 Metaspace       used 29908K, capacity 30586K, committed 30896K, reserved 1077248K
  class space    used 3470K, capacity 3653K, committed 3760K, reserved 1048576K
}
Event: 20.223 GC heap before
{Heap before GC invocations=13 (full 2):
 PSYoungGen      total 432128K, used 428567K [0x00000000d6f80000, 0x00000000f6500000, 0x0000000100000000)
  eden space 376832K, 100% used [0x00000000d6f80000,0x00000000edf80000,0x00000000edf80000)
  from space 55296K, 93% used [0x00000000f1d00000,0x00000000f4f85d10,0x00000000f5300000)
  to   space 62976K, 0% used [0x00000000edf80000,0x00000000edf80000,0x00000000f1d00000)
 ParOldGen       total 157184K, used 77429K [0x0000000084e00000, 0x000000008e780000, 0x00000000d6f80000)
  object space 157184K, 49% used [0x0000000084e00000,0x000000008999d7a8,0x000000008e780000)
 Metaspace       used 45793K, capacity 46494K, committed 46768K, reserved 1091584K
  class space    used 5321K, capacity 5507K, committed 5552K, reserved 1048576K
Event: 20.383 GC heap after
Heap after GC invocations=13 (full 2):
 PSYoungGen      total 439808K, used 25933K [0x00000000d6f80000, 0x00000000fd200000, 0x0000000100000000)
  eden space 376832K, 0% used [0x00000000d6f80000,0x00000000d6f80000,0x00000000edf80000)
  from space 62976K, 41% used [0x00000000edf80000,0x00000000ef8d3658,0x00000000f1d00000)
  to   space 59904K, 0% used [0x00000000f9780000,0x00000000f9780000,0x00000000fd200000)
 ParOldGen       total 157184K, used 84838K [0x0000000084e00000, 0x000000008e780000, 0x00000000d6f80000)
  object space 157184K, 53% used [0x0000000084e00000,0x000000008a0d99e8,0x000000008e780000)
 Metaspace       used 45793K, capacity 46494K, committed 46768K, reserved 1091584K
  class space    used 5321K, capacity 5507K, committed 5552K, reserved 1048576K
}
Event: 458.647 GC heap before
{Heap before GC invocations=14 (full 2):
 PSYoungGen      total 439808K, used 112358K [0x00000000d6f80000, 0x00000000fd200000, 0x0000000100000000)
  eden space 376832K, 22% used [0x00000000d6f80000,0x00000000dc3e6448,0x00000000edf80000)
  from space 62976K, 41% used [0x00000000edf80000,0x00000000ef8d3658,0x00000000f1d00000)
  to   space 59904K, 0% used [0x00000000f9780000,0x00000000f9780000,0x00000000fd200000)
 ParOldGen       total 157184K, used 84838K [0x0000000084e00000, 0x000000008e780000, 0x00000000d6f80000)
  object space 157184K, 53% used [0x0000000084e00000,0x000000008a0d99e8,0x000000008e780000)
 Metaspace       used 49636K, capacity 50378K, committed 50856K, reserved 1093632K
  class space    used 5834K, capacity 6033K, committed 6064K, reserved 1048576K

